<?xml version="1.0" encoding="UTF-8"?>
<!-- Generated by org.testng.reporters.JUnitReportReporter -->
<testsuite hostname="EPBYMINW14AB" failures="0" tests="1" name="com.epam.webdriver.aleksandrgostev.test.CloudGoogleHomePageTest" time="44.974" errors="0" timestamp="2023-01-07T23:31:08 UZT" skipped="0">
  <testcase classname="com.epam.webdriver.aleksandrgostev.test.CloudGoogleHomePageTest" name="checkDatacenterLocation" time="44.974"/>
  <system-out/>
</testsuite> <!-- com.epam.webdriver.aleksandrgostev.test.CloudGoogleHomePageTest -->
